<?xml version="1.0" encoding="UTF-8"?>
<!-- Generated by org.testng.reporters.JUnitReportReporter -->
<testsuite hostname="DESKTOP-AFGVFFP" failures="0" tests="3" name="Files.DynamicJson" time="2.548" errors="0" timestamp="2024-07-04T14:22:09 IST" skipped="0">
  <testcase classname="Files.DynamicJson" name="AddBookData" time="2.158"/>
  <testcase classname="Files.DynamicJson" name="AddBookData" time="0.210"/>
  <testcase classname="Files.DynamicJson" name="AddBookData" time="0.180"/>
</testsuite> <!-- Files.DynamicJson -->
