<?xml version="1.0" encoding="UTF-8"?>
<!-- Generated by org.testng.reporters.JUnitReportReporter -->
<testsuite hostname="DESKTOP-AFGVFFP" failures="0" tests="1" name="SumValidation" time="1.367" errors="0" timestamp="2024-07-04T13:11:00 IST" skipped="0">
  <testcase classname="SumValidation" name="SumofCourses" time="1.367"/>
</testsuite> <!-- SumValidation -->
